<?xml version="1.0" encoding="UTF-8"?>
<!-- Generated by org.testng.reporters.JUnitReportReporter -->
<testsuite skipped="0" hostname="LAPTOP-DME3J1EJ" name="SeleniumwithMaven.SampleTest" tests="1" failures="0" timestamp="09 Feb 2019 20:25:58 GMT" time="0.008" errors="0">
  <testcase name="BrowserAutomation" time="0.008" classname="SeleniumwithMaven.SampleTest"/>
</testsuite> <!-- SeleniumwithMaven.SampleTest -->
